<?xml version="1.0" encoding="UTF-8"?>
<!-- Generated by org.testng.reporters.JUnitXMLReporter -->
<testsuite ignored="1" hostname="Smrity-Laptop" failures="0" tests="1" name="Default test" time="3.007" errors="0" timestamp="2025-05-11T11:28:29 GMT+06:00">
  <testcase classname="session16.JSONArrayDemo" name="CreaterJSONArrayUsingList" time="2.957"/>
  <testcase classname="session16.JSONArrayDemo" name="CreateUserUsingJSONArray" time="0.0">
    <ignored/>
  </testcase> <!-- CreateUserUsingJSONArray -->
</testsuite> <!-- Default test -->
