<?xml version="1.0" encoding="UTF-8"?>
<!-- Generated by org.testng.reporters.JUnitXMLReporter -->
<testsuite ignored="2" hostname="Smrity-Laptop" failures="0" tests="1" name="Default test" time="3.674" errors="0" timestamp="2025-04-06T11:32:04 GMT+06:00">
  <testcase classname="session04.CheckForValidResponse" name="GetSingleUser_BDDStyle" time="3.597"/>
  <testcase classname="session04.CheckForValidResponse" name="GetSingleUser" time="0.0">
    <ignored/>
  </testcase> <!-- GetSingleUser -->
  <testcase classname="session04.CheckForValidResponse" name="GetSingleUserUsingValidatableResponse" time="0.0">
    <ignored/>
  </testcase> <!-- GetSingleUserUsingValidatableResponse -->
</testsuite> <!-- Default test -->
