<?xml version="1.0" encoding="UTF-8"?>
<testng-results ignored="0" total="1" passed="1" failed="0" skipped="0">
  <reporter-output>
  </reporter-output>
  <suite started-at="2025-03-27T11:27:08 GMT+06:00" name="Default suite" finished-at="2025-03-27T11:27:11 GMT+06:00" duration-ms="2617">
    <groups>
    </groups>
    <test started-at="2025-03-27T11:27:08 GMT+06:00" name="Default test" finished-at="2025-03-27T11:27:11 GMT+06:00" duration-ms="2617">
      <class name="Test_DeleteMethod">
        <test-method signature="test06()[pri:0, instance:Test_DeleteMethod@17046283]" started-at="2025-03-27T11:27:08 GMT+06:00" name="test06" finished-at="2025-03-27T11:27:11 GMT+06:00" duration-ms="2561" status="PASS">
          <reporter-output>
          </reporter-output>
        </test-method> <!-- test06 -->
      </class> <!-- Test_DeleteMethod -->
    </test> <!-- Default test -->
  </suite> <!-- Default suite -->
</testng-results>
