<?xml version="1.0" encoding="UTF-8"?>
<testng-results ignored="1" total="2" passed="0" failed="1" skipped="0">
  <reporter-output>
  </reporter-output>
  <suite started-at="2025-05-07T14:48:04 GMT+06:00" name="Default suite" finished-at="2025-05-07T14:48:06 GMT+06:00" duration-ms="1812">
    <groups>
    </groups>
    <test started-at="2025-05-07T14:48:04 GMT+06:00" name="Default test" finished-at="2025-05-07T14:48:06 GMT+06:00" duration-ms="1812">
      <class name="session14.ValidateXMLResponse">
        <test-method signature="GetTravellersData()[pri:0, instance:session14.ValidateXMLResponse@17046283]" started-at="2025-05-07T14:48:04 GMT+06:00" name="GetTravellersData" finished-at="2025-05-07T14:48:06 GMT+06:00" duration-ms="1752" status="FAIL">
          <exception class="io.restassured.path.xml.exception.XmlPathException">
            <message>
              <![CDATA[Failed to parse the XML document]]>
            </message>
            <full-stacktrace>
              <![CDATA[io.restassured.path.xml.exception.XmlPathException: Failed to parse the XML document
at io.restassured.path.xml.XmlPath$LazyXmlParser.invoke(XmlPath.java:1039)
at io.restassured.path.xml.XmlPath.getFromPath(XmlPath.java:423)
at io.restassured.path.xml.XmlPath.get(XmlPath.java:317)
at session14.ValidateXMLResponse.GetTravellersData(ValidateXMLResponse.java:48)
at java.base/jdk.internal.reflect.DirectMethodHandleAccessor.invoke(DirectMethodHandleAccessor.java:104)
at java.base/java.lang.reflect.Method.invoke(Method.java:565)
at org.testng.internal.invokers.MethodInvocationHelper.invokeMethod(MethodInvocationHelper.java:139)
at org.testng.internal.invokers.TestInvoker.invokeMethod(TestInvoker.java:677)
at org.testng.internal.invokers.TestInvoker.invokeTestMethod(TestInvoker.java:221)
at org.testng.internal.invokers.MethodRunner.runInSequence(MethodRunner.java:50)
at org.testng.internal.invokers.TestInvoker$MethodInvocationAgent.invoke(TestInvoker.java:962)
at org.testng.internal.invokers.TestInvoker.invokeTestMethods(TestInvoker.java:194)
at org.testng.internal.invokers.TestMethodWorker.invokeTestMethods(TestMethodWorker.java:148)
at org.testng.internal.invokers.TestMethodWorker.run(TestMethodWorker.java:128)
at java.base/java.util.ArrayList.forEach(ArrayList.java:1604)
at org.testng.TestRunner.privateRun(TestRunner.java:806)
at org.testng.TestRunner.run(TestRunner.java:601)
at org.testng.SuiteRunner.runTest(SuiteRunner.java:433)
at org.testng.SuiteRunner.runSequentially(SuiteRunner.java:427)
at org.testng.SuiteRunner.privateRun(SuiteRunner.java:387)
at org.testng.SuiteRunner.run(SuiteRunner.java:330)
at org.testng.SuiteRunnerWorker.runSuite(SuiteRunnerWorker.java:52)
at org.testng.SuiteRunnerWorker.run(SuiteRunnerWorker.java:95)
at org.testng.TestNG.runSuitesSequentially(TestNG.java:1256)
at org.testng.TestNG.runSuitesLocally(TestNG.java:1176)
at org.testng.TestNG.runSuites(TestNG.java:1099)
at org.testng.TestNG.run(TestNG.java:1067)
at org.testng.remote.AbstractRemoteTestNG.run(AbstractRemoteTestNG.java:115)
at org.testng.remote.RemoteTestNG.initAndRun(RemoteTestNG.java:293)
at org.testng.remote.RemoteTestNG.main(RemoteTestNG.java:91)
Caused by: org.xml.sax.SAXParseException; lineNumber: 1; columnNumber: 1; Premature end of file.
at java.xml/com.sun.org.apache.xerces.internal.parsers.AbstractSAXParser.parse(AbstractSAXParser.java:1252)
at java.xml/com.sun.org.apache.xerces.internal.jaxp.SAXParserImpl$JAXPSAXParser.parse(SAXParserImpl.java:643)
at groovy.xml.XmlSlurper.parse(XmlSlurper.java:205)
at groovy.xml.XmlSlurper.parse(XmlSlurper.java:258)
at groovy.xml.XmlSlurper.parseText(XmlSlurper.java:288)
at io.restassured.path.xml.XmlPath$1.method(XmlPath.java:840)
at io.restassured.path.xml.XmlPath$LazyXmlParser.invoke(XmlPath.java:1032)
... 29 more
]]>
            </full-stacktrace>
          </exception> <!-- io.restassured.path.xml.exception.XmlPathException -->
          <reporter-output>
          </reporter-output>
        </test-method> <!-- GetTravellersData -->
      </class> <!-- session14.ValidateXMLResponse -->
    </test> <!-- Default test -->
  </suite> <!-- Default suite -->
</testng-results>
